<?xml version="1.0" encoding="UTF-8"?>
<testsuite name="java_console_blackjack.AppTest" tests="1" skipped="0" failures="0" errors="0" timestamp="2022-09-04T13:11:19" hostname="JOHNS-MSI" time="0.013">
  <properties/>
  <testcase name="appHasAGreeting()" classname="java_console_blackjack.AppTest" time="0.013"/>
  <system-out><![CDATA[]]></system-out>
  <system-err><![CDATA[]]></system-err>
</testsuite>
